<?xml version="1.0" encoding="UTF-8"?>
<!-- Generated by org.testng.reporters.JUnitReportReporter -->
<testsuite hostname="DESKTOP-UNKIUAD" failures="0" tests="3" name="testCases.Print12Options" time="5.148" errors="0" timestamp="2024-01-29T16:28:46 IST" skipped="0">
  <testcase classname="testCases.Print12Options" name="login" time="0.397"/>
  <system-out/>
  <testcase classname="testCases.Print12Options" name="get12Options" time="3.250"/>
  <system-out/>
  <testcase classname="testCases.Print12Options" name="adminlink" time="1.501"/>
  <system-out/>
</testsuite> <!-- testCases.Print12Options -->
