<?xml version="1.0" encoding="UTF-8"?>
<!-- Generated by org.testng.reporters.JUnitReportReporter -->
<testsuite hostname="DESKTOP-UNKIUAD" failures="0" tests="2" name="testCases.Admin" time="4.446" errors="0" timestamp="2024-01-29T15:51:35 IST" skipped="0">
  <testcase classname="testCases.Admin" name="login" time="1.741"/>
  <system-out/>
  <testcase classname="testCases.Admin" name="adminlink" time="2.705"/>
  <system-out/>
</testsuite> <!-- testCases.Admin -->
