<?xml version="1.0" encoding="UTF-8"?>
<!-- Generated by org.testng.reporters.JUnitReportReporter -->
<testsuite hostname="DESKTOP-UNKIUAD" failures="0" tests="3" name="testCases.SearchByUserName" time="7.726" errors="0" timestamp="2024-01-29T17:17:27 IST" skipped="0">
  <testcase classname="testCases.SearchByUserName" name="login" time="0.412"/>
  <system-out/>
  <testcase classname="testCases.SearchByUserName" name="searchusername" time="4.080"/>
  <system-out/>
  <testcase classname="testCases.SearchByUserName" name="adminlink" time="3.234"/>
  <system-out/>
</testsuite> <!-- testCases.SearchByUserName -->
