<?xml version="1.0" encoding="UTF-8"?>
<!-- Generated by org.testng.reporters.JUnitReportReporter -->
<testsuite hostname="DESKTOP-UNKIUAD" failures="0" tests="2" name="testCases.TestScript" time="26.420" errors="0" timestamp="2024-02-03T12:46:34 IST" skipped="0">
  <testcase classname="testCases.TestScript" name="loginTest" time="6.554"/>
  <system-out/>
  <testcase classname="testCases.TestScript" name="searchusers" time="19.866"/>
  <system-out/>
</testsuite> <!-- testCases.TestScript -->
