<?xml version="1.0" encoding="UTF-8"?>
<!-- Generated by org.testng.reporters.JUnitReportReporter -->
<testsuite hostname="DESKTOP-UNKIUAD" failures="0" tests="3" name="testCases.PrintOptions" time="9.160" errors="0" timestamp="2024-01-29T22:21:02 IST" skipped="0">
  <testcase classname="testCases.PrintOptions" name="login" time="1.820"/>
  <system-out/>
  <testcase classname="testCases.PrintOptions" name="get12Options" time="3.771"/>
  <system-out/>
  <testcase classname="testCases.PrintOptions" name="adminlink" time="3.569"/>
  <system-out/>
</testsuite> <!-- testCases.PrintOptions -->
