<?xml version="1.0" encoding="UTF-8"?>
<!-- Generated by org.testng.reporters.JUnitReportReporter -->
<testsuite hostname="DESKTOP-UNKIUAD" failures="0" tests="1" name="testCases.ValidLoginTest" time="0.425" errors="0" timestamp="2024-01-29T15:36:18 IST" skipped="0">
  <testcase classname="testCases.ValidLoginTest" name="login" time="0.425"/>
  <system-out/>
</testsuite> <!-- testCases.ValidLoginTest -->
