<?xml version="1.0" encoding="UTF-8"?>
<!-- Generated by org.testng.reporters.JUnitReportReporter -->
<testsuite hostname="DESKTOP-UNKIUAD" failures="0" tests="3" name="testCases.SearchByUserStatus" time="10.665" errors="0" timestamp="2024-01-29T21:38:32 IST" skipped="0">
  <testcase classname="testCases.SearchByUserStatus" name="login" time="0.491"/>
  <system-out/>
  <testcase classname="testCases.SearchByUserStatus" name="adminlink" time="4.065"/>
  <system-out/>
  <testcase classname="testCases.SearchByUserStatus" name="searchUserStatus" time="6.109"/>
  <system-out/>
</testsuite> <!-- testCases.SearchByUserStatus -->
